<?xml version="1.0" encoding="UTF-8"?>
<!-- Generated by org.testng.reporters.JUnitXMLReporter -->
<testsuite hostname="DESKTOP-6CI9B68" ignored="0" tests="5" failures="0" timestamp="2021-03-21T20:50:42 EET" time="5.781" errors="0">
  <testcase name="getMovieList" time="0.327" classname="Tests"/>
  <testcase name="pickRandomMovie" time="0.27" classname="Tests"/>
  <testcase name="getMovieDetail" time="0.259" classname="Tests"/>
  <testcase name="PostRating" time="0.432" classname="Tests"/>
  <testcase name="deleteRating" time="0.373" classname="Tests"/>
</testsuite>
